<?xml version="1.0" encoding="UTF-8"?>
<!-- Generated by org.testng.reporters.JUnitXMLReporter -->
<testsuite hostname="TUSNJ04CLK39968" name="Default test" tests="3" failures="0" timestamp="21 Jul 2016 18:51:25 GMT" time="24.204" errors="0">
  <testcase name="find_book_with_keyword_search" time="5.886" classname="prf.tests.Search"/>
  <testcase name="find_book_with_keyword_search" time="3.435" classname="prf.tests.Search"/>
  <testcase name="find_book_with_keyword_search" time="3.693" classname="prf.tests.Search"/>
</testsuite> <!-- Default test -->
